[0.174s] Invoking command in '/home/jeongil/ros_foxy_ws/blickfeld_ws/build/blickfeld_driver': CMAKE_PREFIX_PATH=${CMAKE_PREFIX_PATH}:/home/jeongil/ros_foxy_ws/blickfeld_ws/install/blickfeld_pointcloud:/opt/ros/foxy CONDA_PROMPT_MODIFIER=(blickfeld) /usr/bin/cmake /home/jeongil/ros_foxy_ws/blickfeld_ws/src/blickfeld_driver -DCMAKE_INSTALL_PREFIX=/home/jeongil/ros_foxy_ws/blickfeld_ws/install/blickfeld_driver
[0.182s] -- Found ament_cmake: 0.9.12 (/opt/ros/foxy/share/ament_cmake/cmake)
[0.194s] -- Found PythonInterp: /home/jeongil/anaconda3/envs/blickfeld/bin/python3 (found suitable version "3.7.10", minimum required is "3") 
[0.194s] -- Using PYTHON_EXECUTABLE: /home/jeongil/anaconda3/envs/blickfeld/bin/python3
[0.283s] -- Found ament_cmake_ros: 0.9.2 (/opt/ros/foxy/share/ament_cmake_ros/cmake)
[0.285s] -- Found rclcpp: 2.4.3 (/opt/ros/foxy/share/rclcpp/cmake)
[0.302s] -- Using all available rosidl_typesupport_c: rosidl_typesupport_fastrtps_c;rosidl_typesupport_introspection_c
[0.304s] -- Found rosidl_adapter: 1.3.1 (/opt/ros/foxy/share/rosidl_adapter/cmake)
[0.367s] -- Using all available rosidl_typesupport_cpp: rosidl_typesupport_fastrtps_cpp;rosidl_typesupport_introspection_cpp
[0.393s] -- Found rmw_implementation_cmake: 1.0.4 (/opt/ros/foxy/share/rmw_implementation_cmake/cmake)
[0.394s] -- Using RMW implementation 'rmw_fastrtps_cpp' as default
[0.469s] -- Found rclcpp_components: 2.4.3 (/opt/ros/foxy/share/rclcpp_components/cmake)
[0.497s] -- Found diagnostic_msgs: 2.0.5 (/opt/ros/foxy/share/diagnostic_msgs/cmake)
[0.515s] -- Found geometry_msgs: 2.0.5 (/opt/ros/foxy/share/geometry_msgs/cmake)
[0.533s] -- Found sensor_msgs: 2.0.5 (/opt/ros/foxy/share/sensor_msgs/cmake)
[0.571s] -- Found std_srvs: 2.0.5 (/opt/ros/foxy/share/std_srvs/cmake)
[0.576s] -- Found diagnostic_updater: 3.1.2 (/opt/ros/foxy/share/diagnostic_updater/cmake)
[0.585s] -- Found cv_bridge: 3.0.7 (/opt/ros/foxy/share/cv_bridge/cmake)
[0.599s] -- Found rosidl_default_generators: 1.0.1 (/opt/ros/foxy/share/rosidl_default_generators/cmake)
[0.604s] -- Found tf2_ros: 0.13.14 (/opt/ros/foxy/share/tf2_ros/cmake)
[0.752s] -- Found tf2_geometry_msgs: 0.13.14 (/opt/ros/foxy/share/tf2_geometry_msgs/cmake)
[0.755s] -- Found eigen3_cmake_module: 0.1.1 (/opt/ros/foxy/share/eigen3_cmake_module/cmake)
[0.777s] CMake Warning at /usr/share/cmake-3.16/Modules/FindProtobuf.cmake:499 (message):
[0.777s]   Protobuf compiler version doesn't match library version 3.6.1
[0.777s] Call Stack (most recent call first):
[0.777s]   /usr/share/cmake-3.16/Modules/CMakeFindDependencyMacro.cmake:47 (find_package)
[0.777s]   /usr/lib/cmake/blickfeld-scanner/blickfeld-scanner-config.cmake:8 (find_dependency)
[0.777s]   CMakeLists.txt:44 (find_package)
[0.778s] 
[0.778s] 
[0.783s] CMake Warning at /usr/share/cmake-3.16/Modules/FindProtobuf.cmake:499 (message):
[0.783s]   Protobuf compiler version doesn't match library version 3.6.1
[0.783s] Call Stack (most recent call first):
[0.783s]   /usr/share/cmake-3.16/Modules/CMakeFindDependencyMacro.cmake:47 (find_package)
[0.783s]   /usr/lib/cmake/blickfeld-scanner/blickfeld-scanner-config.cmake:8 (find_dependency)
[0.783s]   /usr/lib/cmake/blickfeld-scanner/blickfeld-scanner.cmake:69 (include)
[0.783s]   /usr/lib/cmake/blickfeld-scanner/blickfeld-scanner-config.cmake:40 (include)
[0.784s]   CMakeLists.txt:44 (find_package)
[0.784s] 
[0.784s] 
[0.796s] -- Found PythonInterp: /home/jeongil/anaconda3/envs/blickfeld/bin/python3 (found version "3.7.10") 
[0.819s] CMake Error at /opt/ros/foxy/share/rosidl_adapter/cmake/rosidl_adapt_interfaces.cmake:60 (message):
[0.819s]   execute_process(/home/jeongil/anaconda3/envs/blickfeld/bin/python3 -m
[0.819s]   rosidl_adapter --package-name blickfeld_driver --arguments-file
[0.819s]   /home/jeongil/ros_foxy_ws/blickfeld_ws/build/blickfeld_driver/rosidl_adapter__arguments__blickfeld_driver.json
[0.819s]   --output-dir
[0.819s]   /home/jeongil/ros_foxy_ws/blickfeld_ws/build/blickfeld_driver/rosidl_adapter/blickfeld_driver
[0.819s]   --output-file
[0.819s]   /home/jeongil/ros_foxy_ws/blickfeld_ws/build/blickfeld_driver/rosidl_adapter/blickfeld_driver.idls)
[0.819s]   returned error code 1:
[0.819s] 
[0.819s]   AttributeError processing template 'srv.idl.em'
[0.819s] 
[0.819s]   Traceback (most recent call last):
[0.819s] 
[0.819s]     File "/opt/ros/foxy/lib/python3.8/site-packages/rosidl_adapter/resource/__init__.py", line 48, in evaluate_template
[0.819s]       _interpreter = em.Interpreter(
[0.819s] 
[0.819s]   AttributeError: module 'em' has no attribute 'Interpreter'
[0.820s] 
[0.820s]   
[0.820s] 
[0.820s]   During handling of the above exception, another exception occurred:
[0.820s] 
[0.820s]   
[0.820s] 
[0.820s]   Traceback (most recent call last):
[0.820s] 
[0.820s]     File "/home/jeongil/anaconda3/envs/blickfeld/lib/python3.7/runpy.py", line 193, in _run_module_as_main
[0.820s]       "__main__", mod_spec)
[0.820s]     File "/home/jeongil/anaconda3/envs/blickfeld/lib/python3.7/runpy.py", line 85, in _run_code
[0.820s]       exec(code, run_globals)
[0.820s]     File "/opt/ros/foxy/lib/python3.8/site-packages/rosidl_adapter/__main__.py", line 19, in <module>
[0.820s]       sys.exit(main())
[0.820s]     File "/opt/ros/foxy/lib/python3.8/site-packages/rosidl_adapter/main.py", line 55, in main
[0.820s]       pathlib.Path(relative_path), output_dir)
[0.820s]     File "/opt/ros/foxy/lib/python3.8/site-packages/rosidl_adapter/__init__.py", line 25, in convert_to_idl
[0.820s]       package_dir, package_name, interface_file, output_dir / 'srv')
[0.820s]     File "/opt/ros/foxy/lib/python3.8/site-packages/rosidl_adapter/srv/__init__.py", line 39, in convert_srv_to_idl
[0.820s]       expand_template('srv.idl.em', data, output_file, encoding='iso-8859-1')
[0.820s]     File "/opt/ros/foxy/lib/python3.8/site-packages/rosidl_adapter/resource/__init__.py", line 23, in expand_template
[0.820s]       content = evaluate_template(template_name, data)
[0.820s]     File "/opt/ros/foxy/lib/python3.8/site-packages/rosidl_adapter/resource/__init__.py", line 69, in evaluate_template
[0.820s]       _interpreter.shutdown()
[0.820s] 
[0.820s]   AttributeError: 'NoneType' object has no attribute 'shutdown'
[0.820s] 
[0.820s] Call Stack (most recent call first):
[0.820s]   /opt/ros/foxy/share/rosidl_cmake/cmake/rosidl_generate_interfaces.cmake:130 (rosidl_adapt_interfaces)
[0.820s]   CMakeLists.txt:67 (rosidl_generate_interfaces)
[0.820s] 
[0.820s] 
[0.820s] -- Configuring incomplete, errors occurred!
[0.820s] See also "/home/jeongil/ros_foxy_ws/blickfeld_ws/build/blickfeld_driver/CMakeFiles/CMakeOutput.log".
[0.820s] See also "/home/jeongil/ros_foxy_ws/blickfeld_ws/build/blickfeld_driver/CMakeFiles/CMakeError.log".
[0.826s] Invoked command in '/home/jeongil/ros_foxy_ws/blickfeld_ws/build/blickfeld_driver' returned '1': CMAKE_PREFIX_PATH=${CMAKE_PREFIX_PATH}:/home/jeongil/ros_foxy_ws/blickfeld_ws/install/blickfeld_pointcloud:/opt/ros/foxy CONDA_PROMPT_MODIFIER=(blickfeld) /usr/bin/cmake /home/jeongil/ros_foxy_ws/blickfeld_ws/src/blickfeld_driver -DCMAKE_INSTALL_PREFIX=/home/jeongil/ros_foxy_ws/blickfeld_ws/install/blickfeld_driver
