[0.000000] (-) TimerEvent: {}
[0.000084] (blickfeld_driver) JobQueued: {'identifier': 'blickfeld_driver', 'dependencies': OrderedDict()}
[0.000100] (blickfeld_pointcloud) JobQueued: {'identifier': 'blickfeld_pointcloud', 'dependencies': OrderedDict()}
[0.000109] (blickfeld_driver) JobStarted: {'identifier': 'blickfeld_driver'}
[0.079594] (blickfeld_pointcloud) JobStarted: {'identifier': 'blickfeld_pointcloud'}
[0.100213] (-) TimerEvent: {}
[0.176114] (blickfeld_driver) JobProgress: {'identifier': 'blickfeld_driver', 'progress': 'cmake'}
[0.176814] (blickfeld_driver) Command: {'cmd': ['/usr/bin/cmake', '/home/jeongil/ros_foxy_ws/blickfeld_ws/src/blickfeld_driver', '-DCMAKE_INSTALL_PREFIX=/home/jeongil/ros_foxy_ws/blickfeld_ws/install/blickfeld_driver'], 'cwd': '/home/jeongil/ros_foxy_ws/blickfeld_ws/build/blickfeld_driver', 'env': OrderedDict([('LESSOPEN', '| /usr/bin/lesspipe %s'), ('CONDA_PROMPT_MODIFIER', '(blickfeld)'), ('LANGUAGE', 'ko:en_US:en'), ('USER', 'jeongil'), ('LC_TIME', 'ko_KR.UTF-8'), ('SSH_AGENT_PID', '2447'), ('XDG_SESSION_TYPE', 'x11'), ('SHLVL', '1'), ('LD_LIBRARY_PATH', '/usr/local/cuda/lib64:/lib64:/home/jeongil/ros_foxy_ws/velodyne_ws/install/velodyne_pointcloud/lib:/home/jeongil/ros_foxy_ws/velodyne_ws/install/velodyne_driver/lib:/home/jeongil/ros_foxy_ws/velodyne_ws/install/velodyne_msgs/lib:/home/jeongil/ros_foxy_ws/velodyne_ws/install/velodyne_laserscan/lib:/home/jeongil/ros_foxy_ws/velodyne_ws/install/cloud_msgs/lib:/home/jeongil/ros_foxy_ws/blickfeld_ws/install/blickfeld_driver/lib:/opt/ros/foxy/opt/yaml_cpp_vendor/lib:/opt/ros/foxy/opt/rviz_ogre_vendor/lib:/opt/ros/foxy/lib/x86_64-linux-gnu:/opt/ros/foxy/lib:/lib'), ('HOME', '/home/jeongil'), ('CONDA_SHLVL', '1'), ('OLDPWD', '/home/jeongil'), ('DESKTOP_SESSION', 'ubuntu'), ('ROS_PYTHON_VERSION', '3'), ('GNOME_SHELL_SESSION_MODE', 'ubuntu'), ('GTK_MODULES', 'gail:atk-bridge'), ('LC_MONETARY', 'ko_KR.UTF-8'), ('MANAGERPID', '1895'), ('DBUS_SESSION_BUS_ADDRESS', 'unix:path=/run/user/1000/bus'), ('COLORTERM', 'truecolor'), ('_CE_M', ''), ('IM_CONFIG_PHASE', '1'), ('COLCON_PREFIX_PATH', '/home/jeongil/ros_foxy_ws/velodyne_ws/install:/home/jeongil/ros_foxy_ws/blickfeld_ws/install'), ('ROS_DISTRO', 'foxy'), ('LOGNAME', 'jeongil'), ('JOURNAL_STREAM', '8:35129'), ('_', '/usr/bin/colcon'), ('ROS_VERSION', '2'), ('XDG_SESSION_CLASS', 'user'), ('USERNAME', 'jeongil'), ('TERM', 'xterm-256color'), ('GNOME_DESKTOP_SESSION_ID', 'this-is-deprecated'), ('_CE_CONDA', ''), ('ROS_LOCALHOST_ONLY', '0'), ('WINDOWPATH', '2'), ('PATH', '/home/jeongil/anaconda3/envs/blickfeld/bin:/usr/local/cuda/bin:/home/jeongil/anaconda3/condabin:/opt/ros/foxy/bin:/usr/local/sbin:/usr/local/bin:/usr/sbin:/usr/bin:/sbin:/bin:/usr/games:/usr/local/games:/snap/bin:/usr/local/nvidia/bin:/usr/local/cuda/bin'), ('SESSION_MANAGER', 'local/jeongil-System-Product-Name:@/tmp/.ICE-unix/2482,unix/jeongil-System-Product-Name:/tmp/.ICE-unix/2482'), ('INVOCATION_ID', 'a488495bb66347e39f2af123813d1a56'), ('PAPERSIZE', 'a4'), ('XDG_MENU_PREFIX', 'gnome-'), ('LC_ADDRESS', 'ko_KR.UTF-8'), ('GNOME_TERMINAL_SCREEN', '/org/gnome/Terminal/screen/8e3c51b4_1313_401f_85fc_b9c7cd24672a'), ('XDG_RUNTIME_DIR', '/run/user/1000'), ('DISPLAY', ':1'), ('LANG', 'ko_KR.UTF-8'), ('XDG_CURRENT_DESKTOP', 'ubuntu:GNOME'), ('LC_TELEPHONE', 'ko_KR.UTF-8'), ('XMODIFIERS', '@im=ibus'), ('XDG_SESSION_DESKTOP', 'ubuntu'), ('XAUTHORITY', '/run/user/1000/gdm/Xauthority'), ('LS_COLORS', 'rs=0:di=01;34:ln=01;36:mh=00:pi=40;33:so=01;35:do=01;35:bd=40;33;01:cd=40;33;01:or=40;31;01:mi=00:su=37;41:sg=30;43:ca=30;41:tw=30;42:ow=34;42:st=37;44:ex=01;32:*.tar=01;31:*.tgz=01;31:*.arc=01;31:*.arj=01;31:*.taz=01;31:*.lha=01;31:*.lz4=01;31:*.lzh=01;31:*.lzma=01;31:*.tlz=01;31:*.txz=01;31:*.tzo=01;31:*.t7z=01;31:*.zip=01;31:*.z=01;31:*.dz=01;31:*.gz=01;31:*.lrz=01;31:*.lz=01;31:*.lzo=01;31:*.xz=01;31:*.zst=01;31:*.tzst=01;31:*.bz2=01;31:*.bz=01;31:*.tbz=01;31:*.tbz2=01;31:*.tz=01;31:*.deb=01;31:*.rpm=01;31:*.jar=01;31:*.war=01;31:*.ear=01;31:*.sar=01;31:*.rar=01;31:*.alz=01;31:*.ace=01;31:*.zoo=01;31:*.cpio=01;31:*.7z=01;31:*.rz=01;31:*.cab=01;31:*.wim=01;31:*.swm=01;31:*.dwm=01;31:*.esd=01;31:*.jpg=01;35:*.jpeg=01;35:*.mjpg=01;35:*.mjpeg=01;35:*.gif=01;35:*.bmp=01;35:*.pbm=01;35:*.pgm=01;35:*.ppm=01;35:*.tga=01;35:*.xbm=01;35:*.xpm=01;35:*.tif=01;35:*.tiff=01;35:*.png=01;35:*.svg=01;35:*.svgz=01;35:*.mng=01;35:*.pcx=01;35:*.mov=01;35:*.mpg=01;35:*.mpeg=01;35:*.m2v=01;35:*.mkv=01;35:*.webm=01;35:*.ogm=01;35:*.mp4=01;35:*.m4v=01;35:*.mp4v=01;35:*.vob=01;35:*.qt=01;35:*.nuv=01;35:*.wmv=01;35:*.asf=01;35:*.rm=01;35:*.rmvb=01;35:*.flc=01;35:*.avi=01;35:*.fli=01;35:*.flv=01;35:*.gl=01;35:*.dl=01;35:*.xcf=01;35:*.xwd=01;35:*.yuv=01;35:*.cgm=01;35:*.emf=01;35:*.ogv=01;35:*.ogx=01;35:*.aac=00;36:*.au=00;36:*.flac=00;36:*.m4a=00;36:*.mid=00;36:*.midi=00;36:*.mka=00;36:*.mp3=00;36:*.mpc=00;36:*.ogg=00;36:*.ra=00;36:*.wav=00;36:*.oga=00;36:*.opus=00;36:*.spx=00;36:*.xspf=00;36:'), ('GNOME_TERMINAL_SERVICE', ':1.1188'), ('SSH_AUTH_SOCK', '/run/user/1000/keyring/ssh'), ('AMENT_PREFIX_PATH', '/home/jeongil/ros_foxy_ws/velodyne_ws/install/velodyne:/home/jeongil/ros_foxy_ws/velodyne_ws/install/velodyne_pointcloud:/home/jeongil/ros_foxy_ws/velodyne_ws/install/velodyne_driver:/home/jeongil/ros_foxy_ws/velodyne_ws/install/velodyne_msgs:/home/jeongil/ros_foxy_ws/velodyne_ws/install/velodyne_laserscan:/home/jeongil/ros_foxy_ws/velodyne_ws/install/lego_loam_sr:/home/jeongil/ros_foxy_ws/velodyne_ws/install/cloud_msgs:/home/jeongil/ros_foxy_ws/blickfeld_ws/install/blickfeld_pointcloud:/home/jeongil/ros_foxy_ws/blickfeld_ws/install/blickfeld_driver:/opt/ros/foxy'), ('CONDA_PYTHON_EXE', '/home/jeongil/anaconda3/bin/python'), ('SHELL', '/bin/bash'), ('LC_NAME', 'ko_KR.UTF-8'), ('QT_ACCESSIBILITY', '1'), ('GDMSESSION', 'ubuntu'), ('LESSCLOSE', '/usr/bin/lesspipe %s %s'), ('CONDA_DEFAULT_ENV', 'blickfeld'), ('LC_MEASUREMENT', 'ko_KR.UTF-8'), ('GPG_AGENT_INFO', '/run/user/1000/gnupg/S.gpg-agent:0:1'), ('LC_IDENTIFICATION', 'ko_KR.UTF-8'), ('QT_IM_MODULE', 'ibus'), ('PWD', '/home/jeongil/ros_foxy_ws/blickfeld_ws/build/blickfeld_driver'), ('LC_ALL', 'en_US.UTF-8'), ('XDG_CONFIG_DIRS', '/etc/xdg/xdg-ubuntu:/etc/xdg'), ('CONDA_EXE', '/home/jeongil/anaconda3/bin/conda'), ('XDG_DATA_DIRS', '/usr/share/ubuntu:/usr/local/share/:/usr/share/:/var/lib/snapd/desktop'), ('PYTHONPATH', '/home/jeongil/ros_foxy_ws/velodyne_ws/install/velodyne_msgs/lib/python3.8/site-packages:/home/jeongil/ros_foxy_ws/velodyne_ws/install/cloud_msgs/lib/python3.8/site-packages:/home/jeongil/ros_foxy_ws/blickfeld_ws/install/blickfeld_pointcloud/lib/python3.8/site-packages:/home/jeongil/ros_foxy_ws/blickfeld_ws/install/blickfeld_driver/lib/python3.8/site-packages:/opt/ros/foxy/lib/python3.8/site-packages'), ('LC_NUMERIC', 'ko_KR.UTF-8'), ('CONDA_PREFIX', '/home/jeongil/anaconda3/envs/blickfeld'), ('LC_PAPER', 'ko_KR.UTF-8'), ('COLCON', '1'), ('VTE_VERSION', '6003'), ('CMAKE_PREFIX_PATH', '/home/jeongil/ros_foxy_ws/velodyne_ws/install/velodyne:/home/jeongil/ros_foxy_ws/velodyne_ws/install/velodyne_pointcloud:/home/jeongil/ros_foxy_ws/velodyne_ws/install/velodyne_driver:/home/jeongil/ros_foxy_ws/velodyne_ws/install/velodyne_msgs:/home/jeongil/ros_foxy_ws/velodyne_ws/install/velodyne_laserscan:/home/jeongil/ros_foxy_ws/velodyne_ws/install/lego_loam_sr:/home/jeongil/ros_foxy_ws/velodyne_ws/install/cloud_msgs:/home/jeongil/ros_foxy_ws/blickfeld_ws/install/blickfeld_driver:/home/jeongil/ros_foxy_ws/blickfeld_ws/install/blickfeld_pointcloud:/opt/ros/foxy')]), 'shell': False}
[0.186132] (blickfeld_driver) StdoutLine: {'line': b'-- Found ament_cmake: 0.9.12 (/opt/ros/foxy/share/ament_cmake/cmake)\n'}
[0.198340] (blickfeld_driver) StdoutLine: {'line': b'-- Found PythonInterp: /home/jeongil/anaconda3/envs/blickfeld/bin/python3 (found suitable version "3.7.10", minimum required is "3") \n'}
[0.198423] (blickfeld_driver) StdoutLine: {'line': b'-- Using PYTHON_EXECUTABLE: /home/jeongil/anaconda3/envs/blickfeld/bin/python3\n'}
[0.200272] (-) TimerEvent: {}
[0.289968] (blickfeld_driver) StdoutLine: {'line': b'-- Found ament_cmake_ros: 0.9.2 (/opt/ros/foxy/share/ament_cmake_ros/cmake)\n'}
[0.290826] (blickfeld_driver) StdoutLine: {'line': b'-- Found rclcpp: 2.4.3 (/opt/ros/foxy/share/rclcpp/cmake)\n'}
[0.300519] (-) TimerEvent: {}
[0.309053] (blickfeld_driver) StdoutLine: {'line': b'-- Using all available rosidl_typesupport_c: rosidl_typesupport_fastrtps_c;rosidl_typesupport_introspection_c\n'}
[0.310874] (blickfeld_driver) StdoutLine: {'line': b'-- Found rosidl_adapter: 1.3.1 (/opt/ros/foxy/share/rosidl_adapter/cmake)\n'}
[0.374631] (blickfeld_driver) StdoutLine: {'line': b'-- Using all available rosidl_typesupport_cpp: rosidl_typesupport_fastrtps_cpp;rosidl_typesupport_introspection_cpp\n'}
[0.400636] (-) TimerEvent: {}
[0.401110] (blickfeld_driver) StdoutLine: {'line': b'-- Found rmw_implementation_cmake: 1.0.4 (/opt/ros/foxy/share/rmw_implementation_cmake/cmake)\n'}
[0.402054] (blickfeld_driver) StdoutLine: {'line': b"-- Using RMW implementation 'rmw_fastrtps_cpp' as default\n"}
[0.478513] (blickfeld_driver) StdoutLine: {'line': b'-- Found rclcpp_components: 2.4.3 (/opt/ros/foxy/share/rclcpp_components/cmake)\n'}
[0.500744] (-) TimerEvent: {}
[0.507768] (blickfeld_driver) StdoutLine: {'line': b'-- Found diagnostic_msgs: 2.0.5 (/opt/ros/foxy/share/diagnostic_msgs/cmake)\n'}
[0.525814] (blickfeld_driver) StdoutLine: {'line': b'-- Found geometry_msgs: 2.0.5 (/opt/ros/foxy/share/geometry_msgs/cmake)\n'}
[0.540025] (blickfeld_pointcloud) Command: {'cmd': ['/usr/bin/python3', 'setup.py', 'egg_info', '--egg-base', '../../build/blickfeld_pointcloud', 'build', '--build-base', '/home/jeongil/ros_foxy_ws/blickfeld_ws/build/blickfeld_pointcloud/build', 'install', '--record', '/home/jeongil/ros_foxy_ws/blickfeld_ws/build/blickfeld_pointcloud/install.log', '--install-scripts', '$base/lib/blickfeld_pointcloud', '--single-version-externally-managed'], 'cwd': '/home/jeongil/ros_foxy_ws/blickfeld_ws/src/blickfeld_pointcloud', 'env': {'LESSOPEN': '| /usr/bin/lesspipe %s', 'CONDA_PROMPT_MODIFIER': '(blickfeld)', 'LANGUAGE': 'ko:en_US:en', 'USER': 'jeongil', 'LC_TIME': 'ko_KR.UTF-8', 'SSH_AGENT_PID': '2447', 'XDG_SESSION_TYPE': 'x11', 'SHLVL': '1', 'LD_LIBRARY_PATH': '/usr/local/cuda/lib64:/lib64:/home/jeongil/ros_foxy_ws/velodyne_ws/install/velodyne_pointcloud/lib:/home/jeongil/ros_foxy_ws/velodyne_ws/install/velodyne_driver/lib:/home/jeongil/ros_foxy_ws/velodyne_ws/install/velodyne_msgs/lib:/home/jeongil/ros_foxy_ws/velodyne_ws/install/velodyne_laserscan/lib:/home/jeongil/ros_foxy_ws/velodyne_ws/install/cloud_msgs/lib:/home/jeongil/ros_foxy_ws/blickfeld_ws/install/blickfeld_driver/lib:/opt/ros/foxy/opt/yaml_cpp_vendor/lib:/opt/ros/foxy/opt/rviz_ogre_vendor/lib:/opt/ros/foxy/lib/x86_64-linux-gnu:/opt/ros/foxy/lib:/lib', 'HOME': '/home/jeongil', 'CONDA_SHLVL': '1', 'OLDPWD': '/home/jeongil', 'DESKTOP_SESSION': 'ubuntu', 'ROS_PYTHON_VERSION': '3', 'GNOME_SHELL_SESSION_MODE': 'ubuntu', 'GTK_MODULES': 'gail:atk-bridge', 'LC_MONETARY': 'ko_KR.UTF-8', 'MANAGERPID': '1895', 'DBUS_SESSION_BUS_ADDRESS': 'unix:path=/run/user/1000/bus', 'COLORTERM': 'truecolor', '_CE_M': '', 'IM_CONFIG_PHASE': '1', 'COLCON_PREFIX_PATH': '/home/jeongil/ros_foxy_ws/velodyne_ws/install:/home/jeongil/ros_foxy_ws/blickfeld_ws/install', 'ROS_DISTRO': 'foxy', 'LOGNAME': 'jeongil', 'JOURNAL_STREAM': '8:35129', '_': '/usr/bin/colcon', 'ROS_VERSION': '2', 'XDG_SESSION_CLASS': 'user', 'USERNAME': 'jeongil', 'TERM': 'xterm-256color', 'GNOME_DESKTOP_SESSION_ID': 'this-is-deprecated', '_CE_CONDA': '', 'ROS_LOCALHOST_ONLY': '0', 'WINDOWPATH': '2', 'PATH': '/home/jeongil/anaconda3/envs/blickfeld/bin:/usr/local/cuda/bin:/home/jeongil/anaconda3/condabin:/opt/ros/foxy/bin:/usr/local/sbin:/usr/local/bin:/usr/sbin:/usr/bin:/sbin:/bin:/usr/games:/usr/local/games:/snap/bin:/usr/local/nvidia/bin:/usr/local/cuda/bin', 'SESSION_MANAGER': 'local/jeongil-System-Product-Name:@/tmp/.ICE-unix/2482,unix/jeongil-System-Product-Name:/tmp/.ICE-unix/2482', 'INVOCATION_ID': 'a488495bb66347e39f2af123813d1a56', 'PAPERSIZE': 'a4', 'XDG_MENU_PREFIX': 'gnome-', 'LC_ADDRESS': 'ko_KR.UTF-8', 'GNOME_TERMINAL_SCREEN': '/org/gnome/Terminal/screen/8e3c51b4_1313_401f_85fc_b9c7cd24672a', 'XDG_RUNTIME_DIR': '/run/user/1000', 'DISPLAY': ':1', 'LANG': 'ko_KR.UTF-8', 'XDG_CURRENT_DESKTOP': 'ubuntu:GNOME', 'LC_TELEPHONE': 'ko_KR.UTF-8', 'XMODIFIERS': '@im=ibus', 'XDG_SESSION_DESKTOP': 'ubuntu', 'XAUTHORITY': '/run/user/1000/gdm/Xauthority', 'LS_COLORS': 'rs=0:di=01;34:ln=01;36:mh=00:pi=40;33:so=01;35:do=01;35:bd=40;33;01:cd=40;33;01:or=40;31;01:mi=00:su=37;41:sg=30;43:ca=30;41:tw=30;42:ow=34;42:st=37;44:ex=01;32:*.tar=01;31:*.tgz=01;31:*.arc=01;31:*.arj=01;31:*.taz=01;31:*.lha=01;31:*.lz4=01;31:*.lzh=01;31:*.lzma=01;31:*.tlz=01;31:*.txz=01;31:*.tzo=01;31:*.t7z=01;31:*.zip=01;31:*.z=01;31:*.dz=01;31:*.gz=01;31:*.lrz=01;31:*.lz=01;31:*.lzo=01;31:*.xz=01;31:*.zst=01;31:*.tzst=01;31:*.bz2=01;31:*.bz=01;31:*.tbz=01;31:*.tbz2=01;31:*.tz=01;31:*.deb=01;31:*.rpm=01;31:*.jar=01;31:*.war=01;31:*.ear=01;31:*.sar=01;31:*.rar=01;31:*.alz=01;31:*.ace=01;31:*.zoo=01;31:*.cpio=01;31:*.7z=01;31:*.rz=01;31:*.cab=01;31:*.wim=01;31:*.swm=01;31:*.dwm=01;31:*.esd=01;31:*.jpg=01;35:*.jpeg=01;35:*.mjpg=01;35:*.mjpeg=01;35:*.gif=01;35:*.bmp=01;35:*.pbm=01;35:*.pgm=01;35:*.ppm=01;35:*.tga=01;35:*.xbm=01;35:*.xpm=01;35:*.tif=01;35:*.tiff=01;35:*.png=01;35:*.svg=01;35:*.svgz=01;35:*.mng=01;35:*.pcx=01;35:*.mov=01;35:*.mpg=01;35:*.mpeg=01;35:*.m2v=01;35:*.mkv=01;35:*.webm=01;35:*.ogm=01;35:*.mp4=01;35:*.m4v=01;35:*.mp4v=01;35:*.vob=01;35:*.qt=01;35:*.nuv=01;35:*.wmv=01;35:*.asf=01;35:*.rm=01;35:*.rmvb=01;35:*.flc=01;35:*.avi=01;35:*.fli=01;35:*.flv=01;35:*.gl=01;35:*.dl=01;35:*.xcf=01;35:*.xwd=01;35:*.yuv=01;35:*.cgm=01;35:*.emf=01;35:*.ogv=01;35:*.ogx=01;35:*.aac=00;36:*.au=00;36:*.flac=00;36:*.m4a=00;36:*.mid=00;36:*.midi=00;36:*.mka=00;36:*.mp3=00;36:*.mpc=00;36:*.ogg=00;36:*.ra=00;36:*.wav=00;36:*.oga=00;36:*.opus=00;36:*.spx=00;36:*.xspf=00;36:', 'GNOME_TERMINAL_SERVICE': ':1.1188', 'SSH_AUTH_SOCK': '/run/user/1000/keyring/ssh', 'AMENT_PREFIX_PATH': '/home/jeongil/ros_foxy_ws/velodyne_ws/install/velodyne:/home/jeongil/ros_foxy_ws/velodyne_ws/install/velodyne_pointcloud:/home/jeongil/ros_foxy_ws/velodyne_ws/install/velodyne_driver:/home/jeongil/ros_foxy_ws/velodyne_ws/install/velodyne_msgs:/home/jeongil/ros_foxy_ws/velodyne_ws/install/velodyne_laserscan:/home/jeongil/ros_foxy_ws/velodyne_ws/install/lego_loam_sr:/home/jeongil/ros_foxy_ws/velodyne_ws/install/cloud_msgs:/home/jeongil/ros_foxy_ws/blickfeld_ws/install/blickfeld_pointcloud:/home/jeongil/ros_foxy_ws/blickfeld_ws/install/blickfeld_driver:/opt/ros/foxy', 'CONDA_PYTHON_EXE': '/home/jeongil/anaconda3/bin/python', 'SHELL': '/bin/bash', 'LC_NAME': 'ko_KR.UTF-8', 'QT_ACCESSIBILITY': '1', 'GDMSESSION': 'ubuntu', 'LESSCLOSE': '/usr/bin/lesspipe %s %s', 'CONDA_DEFAULT_ENV': 'blickfeld', 'LC_MEASUREMENT': 'ko_KR.UTF-8', 'GPG_AGENT_INFO': '/run/user/1000/gnupg/S.gpg-agent:0:1', 'LC_IDENTIFICATION': 'ko_KR.UTF-8', 'QT_IM_MODULE': 'ibus', 'PWD': '/home/jeongil/ros_foxy_ws/blickfeld_ws/build/blickfeld_pointcloud', 'LC_ALL': 'en_US.UTF-8', 'XDG_CONFIG_DIRS': '/etc/xdg/xdg-ubuntu:/etc/xdg', 'CONDA_EXE': '/home/jeongil/anaconda3/bin/conda', 'XDG_DATA_DIRS': '/usr/share/ubuntu:/usr/local/share/:/usr/share/:/var/lib/snapd/desktop', 'PYTHONPATH': '/home/jeongil/ros_foxy_ws/blickfeld_ws/build/blickfeld_pointcloud/prefix_override:/home/jeongil/ros_foxy_ws/blickfeld_ws/install/blickfeld_pointcloud/lib/python3.8/site-packages:/home/jeongil/ros_foxy_ws/velodyne_ws/install/velodyne_msgs/lib/python3.8/site-packages:/home/jeongil/ros_foxy_ws/velodyne_ws/install/cloud_msgs/lib/python3.8/site-packages:/home/jeongil/ros_foxy_ws/blickfeld_ws/install/blickfeld_pointcloud/lib/python3.8/site-packages:/home/jeongil/ros_foxy_ws/blickfeld_ws/install/blickfeld_driver/lib/python3.8/site-packages:/opt/ros/foxy/lib/python3.8/site-packages', 'LC_NUMERIC': 'ko_KR.UTF-8', 'CONDA_PREFIX': '/home/jeongil/anaconda3/envs/blickfeld', 'LC_PAPER': 'ko_KR.UTF-8', 'COLCON': '1', 'VTE_VERSION': '6003', 'CMAKE_PREFIX_PATH': '/home/jeongil/ros_foxy_ws/velodyne_ws/install/velodyne:/home/jeongil/ros_foxy_ws/velodyne_ws/install/velodyne_pointcloud:/home/jeongil/ros_foxy_ws/velodyne_ws/install/velodyne_driver:/home/jeongil/ros_foxy_ws/velodyne_ws/install/velodyne_msgs:/home/jeongil/ros_foxy_ws/velodyne_ws/install/velodyne_laserscan:/home/jeongil/ros_foxy_ws/velodyne_ws/install/lego_loam_sr:/home/jeongil/ros_foxy_ws/velodyne_ws/install/cloud_msgs:/home/jeongil/ros_foxy_ws/blickfeld_ws/install/blickfeld_driver'}, 'shell': False}
[0.544289] (blickfeld_driver) StdoutLine: {'line': b'-- Found sensor_msgs: 2.0.5 (/opt/ros/foxy/share/sensor_msgs/cmake)\n'}
[0.583527] (blickfeld_driver) StdoutLine: {'line': b'-- Found std_srvs: 2.0.5 (/opt/ros/foxy/share/std_srvs/cmake)\n'}
[0.588344] (blickfeld_driver) StdoutLine: {'line': b'-- Found diagnostic_updater: 3.1.2 (/opt/ros/foxy/share/diagnostic_updater/cmake)\n'}
[0.598265] (blickfeld_driver) StdoutLine: {'line': b'-- Found cv_bridge: 3.0.7 (/opt/ros/foxy/share/cv_bridge/cmake)\n'}
[0.600860] (-) TimerEvent: {}
[0.612091] (blickfeld_driver) StdoutLine: {'line': b'-- Found rosidl_default_generators: 1.0.1 (/opt/ros/foxy/share/rosidl_default_generators/cmake)\n'}
[0.617249] (blickfeld_driver) StdoutLine: {'line': b'-- Found tf2_ros: 0.13.14 (/opt/ros/foxy/share/tf2_ros/cmake)\n'}
[0.634271] (blickfeld_pointcloud) StdoutLine: {'line': b'running egg_info\n'}
[0.634550] (blickfeld_pointcloud) StdoutLine: {'line': b'writing ../../build/blickfeld_pointcloud/blickfeld_pointcloud.egg-info/PKG-INFO\n'}
[0.634633] (blickfeld_pointcloud) StdoutLine: {'line': b'writing dependency_links to ../../build/blickfeld_pointcloud/blickfeld_pointcloud.egg-info/dependency_links.txt\n'}
[0.634685] (blickfeld_pointcloud) StdoutLine: {'line': b'writing entry points to ../../build/blickfeld_pointcloud/blickfeld_pointcloud.egg-info/entry_points.txt\n'}
[0.634713] (blickfeld_pointcloud) StdoutLine: {'line': b'writing requirements to ../../build/blickfeld_pointcloud/blickfeld_pointcloud.egg-info/requires.txt\n'}
[0.634739] (blickfeld_pointcloud) StdoutLine: {'line': b'writing top-level names to ../../build/blickfeld_pointcloud/blickfeld_pointcloud.egg-info/top_level.txt\n'}
[0.651188] (blickfeld_pointcloud) StdoutLine: {'line': b"reading manifest file '../../build/blickfeld_pointcloud/blickfeld_pointcloud.egg-info/SOURCES.txt'\n"}
[0.651597] (blickfeld_pointcloud) StdoutLine: {'line': b"writing manifest file '../../build/blickfeld_pointcloud/blickfeld_pointcloud.egg-info/SOURCES.txt'\n"}
[0.651663] (blickfeld_pointcloud) StdoutLine: {'line': b'running build\n'}
[0.651705] (blickfeld_pointcloud) StdoutLine: {'line': b'running build_py\n'}
[0.651837] (blickfeld_pointcloud) StdoutLine: {'line': b'running install\n'}
[0.652266] (blickfeld_pointcloud) StdoutLine: {'line': b'running install_lib\n'}
[0.652905] (blickfeld_pointcloud) StdoutLine: {'line': b'running install_data\n'}
[0.653131] (blickfeld_pointcloud) StdoutLine: {'line': b'running install_egg_info\n'}
[0.653935] (blickfeld_pointcloud) StdoutLine: {'line': b"removing '/home/jeongil/ros_foxy_ws/blickfeld_ws/install/blickfeld_pointcloud/lib/python3.8/site-packages/blickfeld_pointcloud-0.0.0-py3.8.egg-info' (and everything under it)\n"}
[0.654032] (blickfeld_pointcloud) StdoutLine: {'line': b'Copying ../../build/blickfeld_pointcloud/blickfeld_pointcloud.egg-info to /home/jeongil/ros_foxy_ws/blickfeld_ws/install/blickfeld_pointcloud/lib/python3.8/site-packages/blickfeld_pointcloud-0.0.0-py3.8.egg-info\n'}
[0.654365] (blickfeld_pointcloud) StdoutLine: {'line': b'running install_scripts\n'}
[0.662918] (blickfeld_pointcloud) StdoutLine: {'line': b"writing list of installed files to '/home/jeongil/ros_foxy_ws/blickfeld_ws/build/blickfeld_pointcloud/install.log'\n"}
[0.672643] (blickfeld_pointcloud) CommandEnded: {'returncode': 0}
[0.701201] (-) TimerEvent: {}
[0.723937] (blickfeld_pointcloud) JobEnded: {'identifier': 'blickfeld_pointcloud', 'rc': 0}
[0.768167] (blickfeld_driver) StdoutLine: {'line': b'-- Found tf2_geometry_msgs: 0.13.14 (/opt/ros/foxy/share/tf2_geometry_msgs/cmake)\n'}
[0.771469] (blickfeld_driver) StdoutLine: {'line': b'-- Found eigen3_cmake_module: 0.1.1 (/opt/ros/foxy/share/eigen3_cmake_module/cmake)\n'}
[0.793832] (blickfeld_driver) StderrLine: {'line': b'CMake Warning at /usr/share/cmake-3.16/Modules/FindProtobuf.cmake:499 (message):\n'}
[0.793948] (blickfeld_driver) StderrLine: {'line': b"  Protobuf compiler version doesn't match library version 3.6.1\n"}
[0.793983] (blickfeld_driver) StderrLine: {'line': b'Call Stack (most recent call first):\n'}
[0.794009] (blickfeld_driver) StderrLine: {'line': b'  /usr/share/cmake-3.16/Modules/CMakeFindDependencyMacro.cmake:47 (find_package)\n'}
[0.794033] (blickfeld_driver) StderrLine: {'line': b'  /usr/lib/cmake/blickfeld-scanner/blickfeld-scanner-config.cmake:8 (find_dependency)\n'}
[0.794058] (blickfeld_driver) StderrLine: {'line': b'  CMakeLists.txt:44 (find_package)\n'}
[0.794083] (blickfeld_driver) StderrLine: {'line': b'\n'}
[0.794107] (blickfeld_driver) StderrLine: {'line': b'\n'}
[0.799888] (blickfeld_driver) StderrLine: {'line': b'CMake Warning at /usr/share/cmake-3.16/Modules/FindProtobuf.cmake:499 (message):\n'}
[0.799986] (blickfeld_driver) StderrLine: {'line': b"  Protobuf compiler version doesn't match library version 3.6.1\n"}
[0.800018] (blickfeld_driver) StderrLine: {'line': b'Call Stack (most recent call first):\n'}
[0.800045] (blickfeld_driver) StderrLine: {'line': b'  /usr/share/cmake-3.16/Modules/CMakeFindDependencyMacro.cmake:47 (find_package)\n'}
[0.800073] (blickfeld_driver) StderrLine: {'line': b'  /usr/lib/cmake/blickfeld-scanner/blickfeld-scanner-config.cmake:8 (find_dependency)\n'}
[0.800098] (blickfeld_driver) StderrLine: {'line': b'  /usr/lib/cmake/blickfeld-scanner/blickfeld-scanner.cmake:69 (include)\n'}
[0.800122] (blickfeld_driver) StderrLine: {'line': b'  /usr/lib/cmake/blickfeld-scanner/blickfeld-scanner-config.cmake:40 (include)\n'}
[0.800145] (blickfeld_driver) StderrLine: {'line': b'  CMakeLists.txt:44 (find_package)\n'}
[0.800169] (blickfeld_driver) StderrLine: {'line': b'\n'}
[0.800194] (blickfeld_driver) StderrLine: {'line': b'\n'}
[0.801303] (-) TimerEvent: {}
[0.813742] (blickfeld_driver) StdoutLine: {'line': b'-- Found PythonInterp: /home/jeongil/anaconda3/envs/blickfeld/bin/python3 (found version "3.7.10") \n'}
[0.837633] (blickfeld_driver) StderrLine: {'line': b'CMake Error at /opt/ros/foxy/share/rosidl_adapter/cmake/rosidl_adapt_interfaces.cmake:60 (message):\n'}
[0.837787] (blickfeld_driver) StderrLine: {'line': b'  execute_process(/home/jeongil/anaconda3/envs/blickfeld/bin/python3 -m\n'}
[0.837821] (blickfeld_driver) StderrLine: {'line': b'  rosidl_adapter --package-name blickfeld_driver --arguments-file\n'}
[0.837848] (blickfeld_driver) StderrLine: {'line': b'  /home/jeongil/ros_foxy_ws/blickfeld_ws/build/blickfeld_driver/rosidl_adapter__arguments__blickfeld_driver.json\n'}
[0.837874] (blickfeld_driver) StderrLine: {'line': b'  --output-dir\n'}
[0.837900] (blickfeld_driver) StderrLine: {'line': b'  /home/jeongil/ros_foxy_ws/blickfeld_ws/build/blickfeld_driver/rosidl_adapter/blickfeld_driver\n'}
[0.837926] (blickfeld_driver) StderrLine: {'line': b'  --output-file\n'}
[0.837952] (blickfeld_driver) StderrLine: {'line': b'  /home/jeongil/ros_foxy_ws/blickfeld_ws/build/blickfeld_driver/rosidl_adapter/blickfeld_driver.idls)\n'}
[0.837986] (blickfeld_driver) StderrLine: {'line': b'  returned error code 1:\n'}
[0.838011] (blickfeld_driver) StderrLine: {'line': b'\n'}
[0.838036] (blickfeld_driver) StderrLine: {'line': b"  AttributeError processing template 'srv.idl.em'\n"}
[0.838062] (blickfeld_driver) StderrLine: {'line': b'\n'}
[0.838086] (blickfeld_driver) StderrLine: {'line': b'  Traceback (most recent call last):\n'}
[0.838111] (blickfeld_driver) StderrLine: {'line': b'\n'}
[0.838135] (blickfeld_driver) StderrLine: {'line': b'    File "/opt/ros/foxy/lib/python3.8/site-packages/rosidl_adapter/resource/__init__.py", line 48, in evaluate_template\n'}
[0.838159] (blickfeld_driver) StderrLine: {'line': b'      _interpreter = em.Interpreter(\n'}
[0.838182] (blickfeld_driver) StderrLine: {'line': b'\n'}
[0.838205] (blickfeld_driver) StderrLine: {'line': b"  AttributeError: module 'em' has no attribute 'Interpreter'\n"}
[0.838229] (blickfeld_driver) StderrLine: {'line': b'\n'}
[0.838251] (blickfeld_driver) StderrLine: {'line': b'  \n'}
[0.838274] (blickfeld_driver) StderrLine: {'line': b'\n'}
[0.838299] (blickfeld_driver) StderrLine: {'line': b'  During handling of the above exception, another exception occurred:\n'}
[0.838322] (blickfeld_driver) StderrLine: {'line': b'\n'}
[0.838344] (blickfeld_driver) StderrLine: {'line': b'  \n'}
[0.838368] (blickfeld_driver) StderrLine: {'line': b'\n'}
[0.838390] (blickfeld_driver) StderrLine: {'line': b'  Traceback (most recent call last):\n'}
[0.838412] (blickfeld_driver) StderrLine: {'line': b'\n'}
[0.838435] (blickfeld_driver) StderrLine: {'line': b'    File "/home/jeongil/anaconda3/envs/blickfeld/lib/python3.7/runpy.py", line 193, in _run_module_as_main\n'}
[0.838458] (blickfeld_driver) StderrLine: {'line': b'      "__main__", mod_spec)\n'}
[0.838480] (blickfeld_driver) StderrLine: {'line': b'    File "/home/jeongil/anaconda3/envs/blickfeld/lib/python3.7/runpy.py", line 85, in _run_code\n'}
[0.838503] (blickfeld_driver) StderrLine: {'line': b'      exec(code, run_globals)\n'}
[0.838525] (blickfeld_driver) StderrLine: {'line': b'    File "/opt/ros/foxy/lib/python3.8/site-packages/rosidl_adapter/__main__.py", line 19, in <module>\n'}
[0.838551] (blickfeld_driver) StderrLine: {'line': b'      sys.exit(main())\n'}
[0.838574] (blickfeld_driver) StderrLine: {'line': b'    File "/opt/ros/foxy/lib/python3.8/site-packages/rosidl_adapter/main.py", line 55, in main\n'}
[0.838597] (blickfeld_driver) StderrLine: {'line': b'      pathlib.Path(relative_path), output_dir)\n'}
[0.838620] (blickfeld_driver) StderrLine: {'line': b'    File "/opt/ros/foxy/lib/python3.8/site-packages/rosidl_adapter/__init__.py", line 25, in convert_to_idl\n'}
[0.838644] (blickfeld_driver) StderrLine: {'line': b"      package_dir, package_name, interface_file, output_dir / 'srv')\n"}
[0.838666] (blickfeld_driver) StderrLine: {'line': b'    File "/opt/ros/foxy/lib/python3.8/site-packages/rosidl_adapter/srv/__init__.py", line 39, in convert_srv_to_idl\n'}
[0.838690] (blickfeld_driver) StderrLine: {'line': b"      expand_template('srv.idl.em', data, output_file, encoding='iso-8859-1')\n"}
[0.838713] (blickfeld_driver) StderrLine: {'line': b'    File "/opt/ros/foxy/lib/python3.8/site-packages/rosidl_adapter/resource/__init__.py", line 23, in expand_template\n'}
[0.838736] (blickfeld_driver) StderrLine: {'line': b'      content = evaluate_template(template_name, data)\n'}
[0.838759] (blickfeld_driver) StderrLine: {'line': b'    File "/opt/ros/foxy/lib/python3.8/site-packages/rosidl_adapter/resource/__init__.py", line 69, in evaluate_template\n'}
[0.838782] (blickfeld_driver) StderrLine: {'line': b'      _interpreter.shutdown()\n'}
[0.838805] (blickfeld_driver) StderrLine: {'line': b'\n'}
[0.838827] (blickfeld_driver) StderrLine: {'line': b"  AttributeError: 'NoneType' object has no attribute 'shutdown'\n"}
[0.838850] (blickfeld_driver) StderrLine: {'line': b'\n'}
[0.838872] (blickfeld_driver) StderrLine: {'line': b'Call Stack (most recent call first):\n'}
[0.838897] (blickfeld_driver) StderrLine: {'line': b'  /opt/ros/foxy/share/rosidl_cmake/cmake/rosidl_generate_interfaces.cmake:130 (rosidl_adapt_interfaces)\n'}
[0.838923] (blickfeld_driver) StderrLine: {'line': b'  CMakeLists.txt:67 (rosidl_generate_interfaces)\n'}
[0.838948] (blickfeld_driver) StderrLine: {'line': b'\n'}
[0.838973] (blickfeld_driver) StderrLine: {'line': b'\n'}
[0.839052] (blickfeld_driver) StdoutLine: {'line': b'-- Configuring incomplete, errors occurred!\n'}
[0.839089] (blickfeld_driver) StdoutLine: {'line': b'See also "/home/jeongil/ros_foxy_ws/blickfeld_ws/build/blickfeld_driver/CMakeFiles/CMakeOutput.log".\n'}
[0.839118] (blickfeld_driver) StdoutLine: {'line': b'See also "/home/jeongil/ros_foxy_ws/blickfeld_ws/build/blickfeld_driver/CMakeFiles/CMakeError.log".\n'}
[0.844195] (blickfeld_driver) CommandEnded: {'returncode': 1}
[0.886284] (blickfeld_driver) JobEnded: {'identifier': 'blickfeld_driver', 'rc': 1}
[0.896620] (-) EventReactorShutdown: {}
